2021-03-01T17:16:41+00:00 CRITICAL Uncaught Error: Call to undefined function wcfm_is_marketplace() in /var/www/foodyyums/wp-content/plugins/wc-frontend-manager-groups-staffs/core/class-wcfmgs.php:91
Stack trace:
#0 /var/www/foodyyums/wp-includes/class-wp-hook.php(287): WCFMgs->init('')
#1 /var/www/foodyyums/wp-includes/class-wp-hook.php(311): WP_Hook->apply_filters(NULL, Array)
#2 /var/www/foodyyums/wp-includes/plugin.php(484): WP_Hook->do_action(Array)
#3 /var/www/foodyyums/wp-settings.php(557): do_action('init')
#4 /var/www/foodyyums/wp-config.php(92): require_once('/var/www/foodyy...')
#5 /var/www/foodyyums/wp-load.php(37): require_once('/var/www/foodyy...')
#6 /var/www/foodyyums/wp-admin/admin-ajax.php(22): require_once('/var/www/foodyy...')
#7 {main}
  thrown in /var/www/foodyyums/wp-content/plugins/wc-frontend-manager-groups-staffs/core/class-wcfmgs.php on line 91

2021-03-01T17:16:41+00:00 CRITICAL Uncaught Error: Call to undefined function wcfm_is_marketplace() in /var/www/foodyyums/wp-content/plugins/wc-frontend-manager-groups-staffs/core/class-wcfmgs.php:91
Stack trace:
#0 /var/www/foodyyums/wp-includes/class-wp-hook.php(287): WCFMgs->init('')
#1 /var/www/foodyyums/wp-includes/class-wp-hook.php(311): WP_Hook->apply_filters(NULL, Array)
#2 /var/www/foodyyums/wp-includes/plugin.php(484): WP_Hook->do_action(Array)
#3 /var/www/foodyyums/wp-settings.php(557): do_action('init')
#4 /var/www/foodyyums/wp-config.php(92): require_once('/var/www/foodyy...')
#5 /var/www/foodyyums/wp-load.php(37): require_once('/var/www/foodyy...')
#6 /var/www/foodyyums/wp-admin/admin-ajax.php(22): require_once('/var/www/foodyy...')
#7 {main}
  thrown in /var/www/foodyyums/wp-content/plugins/wc-frontend-manager-groups-staffs/core/class-wcfmgs.php on line 91

2021-03-01T17:16:42+00:00 CRITICAL Uncaught Error: Call to undefined function wcfm_is_marketplace() in /var/www/foodyyums/wp-content/plugins/wc-frontend-manager-groups-staffs/core/class-wcfmgs.php:91
Stack trace:
#0 /var/www/foodyyums/wp-includes/class-wp-hook.php(287): WCFMgs->init('')
#1 /var/www/foodyyums/wp-includes/class-wp-hook.php(311): WP_Hook->apply_filters(NULL, Array)
#2 /var/www/foodyyums/wp-includes/plugin.php(484): WP_Hook->do_action(Array)
#3 /var/www/foodyyums/wp-settings.php(557): do_action('init')
#4 /var/www/foodyyums/wp-config.php(92): require_once('/var/www/foodyy...')
#5 /var/www/foodyyums/wp-load.php(37): require_once('/var/www/foodyy...')
#6 /var/www/foodyyums/wp-admin/admin-ajax.php(22): require_once('/var/www/foodyy...')
#7 {main}
  thrown in /var/www/foodyyums/wp-content/plugins/wc-frontend-manager-groups-staffs/core/class-wcfmgs.php on line 91

2021-03-01T17:16:42+00:00 CRITICAL Uncaught Error: Call to undefined function wcfm_is_marketplace() in /var/www/foodyyums/wp-content/plugins/wc-frontend-manager-groups-staffs/core/class-wcfmgs.php:91
Stack trace:
#0 /var/www/foodyyums/wp-includes/class-wp-hook.php(287): WCFMgs->init('')
#1 /var/www/foodyyums/wp-includes/class-wp-hook.php(311): WP_Hook->apply_filters(NULL, Array)
#2 /var/www/foodyyums/wp-includes/plugin.php(484): WP_Hook->do_action(Array)
#3 /var/www/foodyyums/wp-settings.php(557): do_action('init')
#4 /var/www/foodyyums/wp-config.php(92): require_once('/var/www/foodyy...')
#5 /var/www/foodyyums/wp-load.php(37): require_once('/var/www/foodyy...')
#6 /var/www/foodyyums/wp-admin/admin-ajax.php(22): require_once('/var/www/foodyy...')
#7 {main}
  thrown in /var/www/foodyyums/wp-content/plugins/wc-frontend-manager-groups-staffs/core/class-wcfmgs.php on line 91

2021-03-01T17:16:49+00:00 CRITICAL Uncaught Error: Call to undefined function wcfm_is_marketplace() in /var/www/foodyyums/wp-content/plugins/wc-frontend-manager-groups-staffs/core/class-wcfmgs.php:91
Stack trace:
#0 /var/www/foodyyums/wp-includes/class-wp-hook.php(287): WCFMgs->init('')
#1 /var/www/foodyyums/wp-includes/class-wp-hook.php(311): WP_Hook->apply_filters(NULL, Array)
#2 /var/www/foodyyums/wp-includes/plugin.php(484): WP_Hook->do_action(Array)
#3 /var/www/foodyyums/wp-settings.php(557): do_action('init')
#4 /var/www/foodyyums/wp-config.php(92): require_once('/var/www/foodyy...')
#5 /var/www/foodyyums/wp-load.php(37): require_once('/var/www/foodyy...')
#6 /var/www/foodyyums/wp-admin/admin-ajax.php(22): require_once('/var/www/foodyy...')
#7 {main}
  thrown in /var/www/foodyyums/wp-content/plugins/wc-frontend-manager-groups-staffs/core/class-wcfmgs.php on line 91

2021-03-01T17:16:54+00:00 CRITICAL Uncaught Error: Call to undefined function wcfm_is_marketplace() in /var/www/foodyyums/wp-content/plugins/wc-frontend-manager-groups-staffs/core/class-wcfmgs.php:91
Stack trace:
#0 /var/www/foodyyums/wp-includes/class-wp-hook.php(287): WCFMgs->init('')
#1 /var/www/foodyyums/wp-includes/class-wp-hook.php(311): WP_Hook->apply_filters(NULL, Array)
#2 /var/www/foodyyums/wp-includes/plugin.php(484): WP_Hook->do_action(Array)
#3 /var/www/foodyyums/wp-settings.php(557): do_action('init')
#4 /var/www/foodyyums/wp-config.php(92): require_once('/var/www/foodyy...')
#5 /var/www/foodyyums/wp-load.php(37): require_once('/var/www/foodyy...')
#6 /var/www/foodyyums/wp-admin/admin.php(34): require_once('/var/www/foodyy...')
#7 /var/www/foodyyums/wp-admin/plugins.php(10): require_once('/var/www/foodyy...')
#8 {main}
  thrown in /var/www/foodyyums/wp-content/plugins/wc-frontend-manager-groups-staffs/core/class-wcfmgs.php on line 91

2021-03-01T17:17:03+00:00 CRITICAL Uncaught Error: Call to undefined function wcfm_is_marketplace() in /var/www/foodyyums/wp-content/plugins/wc-frontend-manager-groups-staffs/core/class-wcfmgs.php:91
Stack trace:
#0 /var/www/foodyyums/wp-includes/class-wp-hook.php(287): WCFMgs->init('')
#1 /var/www/foodyyums/wp-includes/class-wp-hook.php(311): WP_Hook->apply_filters(NULL, Array)
#2 /var/www/foodyyums/wp-includes/plugin.php(484): WP_Hook->do_action(Array)
#3 /var/www/foodyyums/wp-settings.php(557): do_action('init')
#4 /var/www/foodyyums/wp-config.php(92): require_once('/var/www/foodyy...')
#5 /var/www/foodyyums/wp-load.php(37): require_once('/var/www/foodyy...')
#6 /var/www/foodyyums/wp-admin/admin.php(34): require_once('/var/www/foodyy...')
#7 /var/www/foodyyums/wp-admin/plugins.php(10): require_once('/var/www/foodyy...')
#8 {main}
  thrown in /var/www/foodyyums/wp-content/plugins/wc-frontend-manager-groups-staffs/core/class-wcfmgs.php on line 91

2021-03-01T17:17:13+00:00 CRITICAL Uncaught Error: Call to undefined function wcfm_is_marketplace() in /var/www/foodyyums/wp-content/plugins/wc-frontend-manager-groups-staffs/core/class-wcfmgs.php:91
Stack trace:
#0 /var/www/foodyyums/wp-includes/class-wp-hook.php(287): WCFMgs->init('')
#1 /var/www/foodyyums/wp-includes/class-wp-hook.php(311): WP_Hook->apply_filters(NULL, Array)
#2 /var/www/foodyyums/wp-includes/plugin.php(484): WP_Hook->do_action(Array)
#3 /var/www/foodyyums/wp-settings.php(557): do_action('init')
#4 /var/www/foodyyums/wp-config.php(92): require_once('/var/www/foodyy...')
#5 /var/www/foodyyums/wp-load.php(37): require_once('/var/www/foodyy...')
#6 /var/www/foodyyums/wp-admin/admin-ajax.php(22): require_once('/var/www/foodyy...')
#7 {main}
  thrown in /var/www/foodyyums/wp-content/plugins/wc-frontend-manager-groups-staffs/core/class-wcfmgs.php on line 91

2021-03-01T17:17:14+00:00 CRITICAL Uncaught Error: Call to undefined function wcfm_is_marketplace() in /var/www/foodyyums/wp-content/plugins/wc-frontend-manager-groups-staffs/core/class-wcfmgs.php:91
Stack trace:
#0 /var/www/foodyyums/wp-includes/class-wp-hook.php(287): WCFMgs->init('')
#1 /var/www/foodyyums/wp-includes/class-wp-hook.php(311): WP_Hook->apply_filters(NULL, Array)
#2 /var/www/foodyyums/wp-includes/plugin.php(484): WP_Hook->do_action(Array)
#3 /var/www/foodyyums/wp-settings.php(557): do_action('init')
#4 /var/www/foodyyums/wp-config.php(92): require_once('/var/www/foodyy...')
#5 /var/www/foodyyums/wp-load.php(37): require_once('/var/www/foodyy...')
#6 /var/www/foodyyums/wp-admin/admin-ajax.php(22): require_once('/var/www/foodyy...')
#7 {main}
  thrown in /var/www/foodyyums/wp-content/plugins/wc-frontend-manager-groups-staffs/core/class-wcfmgs.php on line 91

2021-03-01T17:17:24+00:00 CRITICAL Uncaught Error: Call to undefined function wcfm_is_marketplace() in /var/www/foodyyums/wp-content/plugins/wc-frontend-manager-groups-staffs/core/class-wcfmgs.php:91
Stack trace:
#0 /var/www/foodyyums/wp-includes/class-wp-hook.php(287): WCFMgs->init('')
#1 /var/www/foodyyums/wp-includes/class-wp-hook.php(311): WP_Hook->apply_filters(NULL, Array)
#2 /var/www/foodyyums/wp-includes/plugin.php(484): WP_Hook->do_action(Array)
#3 /var/www/foodyyums/wp-settings.php(557): do_action('init')
#4 /var/www/foodyyums/wp-config.php(92): require_once('/var/www/foodyy...')
#5 /var/www/foodyyums/wp-load.php(37): require_once('/var/www/foodyy...')
#6 /var/www/foodyyums/wp-blog-header.php(13): require_once('/var/www/foodyy...')
#7 /var/www/foodyyums/index.php(17): require('/var/www/foodyy...')
#8 {main}
  thrown in /var/www/foodyyums/wp-content/plugins/wc-frontend-manager-groups-staffs/core/class-wcfmgs.php on line 91

2021-03-01T17:17:39+00:00 CRITICAL Uncaught Error: Call to undefined function wcfm_is_marketplace() in /var/www/foodyyums/wp-content/plugins/wc-frontend-manager-groups-staffs/core/class-wcfmgs.php:91
Stack trace:
#0 /var/www/foodyyums/wp-includes/class-wp-hook.php(287): WCFMgs->init('')
#1 /var/www/foodyyums/wp-includes/class-wp-hook.php(311): WP_Hook->apply_filters(NULL, Array)
#2 /var/www/foodyyums/wp-includes/plugin.php(484): WP_Hook->do_action(Array)
#3 /var/www/foodyyums/wp-settings.php(557): do_action('init')
#4 /var/www/foodyyums/wp-config.php(92): require_once('/var/www/foodyy...')
#5 /var/www/foodyyums/wp-load.php(37): require_once('/var/www/foodyy...')
#6 /var/www/foodyyums/wp-admin/admin.php(34): require_once('/var/www/foodyy...')
#7 /var/www/foodyyums/wp-admin/index.php(10): require_once('/var/www/foodyy...')
#8 {main}
  thrown in /var/www/foodyyums/wp-content/plugins/wc-frontend-manager-groups-staffs/core/class-wcfmgs.php on line 91

2021-03-01T17:17:47+00:00 CRITICAL Uncaught Error: Call to undefined function wcfm_is_marketplace() in /var/www/foodyyums/wp-content/plugins/wc-frontend-manager-groups-staffs/core/class-wcfmgs.php:91
Stack trace:
#0 /var/www/foodyyums/wp-includes/class-wp-hook.php(287): WCFMgs->init('')
#1 /var/www/foodyyums/wp-includes/class-wp-hook.php(311): WP_Hook->apply_filters(NULL, Array)
#2 /var/www/foodyyums/wp-includes/plugin.php(484): WP_Hook->do_action(Array)
#3 /var/www/foodyyums/wp-settings.php(557): do_action('init')
#4 /var/www/foodyyums/wp-config.php(92): require_once('/var/www/foodyy...')
#5 /var/www/foodyyums/wp-load.php(37): require_once('/var/www/foodyy...')
#6 /var/www/foodyyums/wp-admin/admin-ajax.php(22): require_once('/var/www/foodyy...')
#7 {main}
  thrown in /var/www/foodyyums/wp-content/plugins/wc-frontend-manager-groups-staffs/core/class-wcfmgs.php on line 91

2021-03-01T17:18:14+00:00 CRITICAL Uncaught Error: Call to undefined function wcfm_is_marketplace() in /var/www/foodyyums/wp-content/plugins/wc-frontend-manager-groups-staffs/core/class-wcfmgs.php:91
Stack trace:
#0 /var/www/foodyyums/wp-includes/class-wp-hook.php(287): WCFMgs->init('')
#1 /var/www/foodyyums/wp-includes/class-wp-hook.php(311): WP_Hook->apply_filters(NULL, Array)
#2 /var/www/foodyyums/wp-includes/plugin.php(484): WP_Hook->do_action(Array)
#3 /var/www/foodyyums/wp-settings.php(557): do_action('init')
#4 /var/www/foodyyums/wp-config.php(92): require_once('/var/www/foodyy...')
#5 /var/www/foodyyums/wp-load.php(37): require_once('/var/www/foodyy...')
#6 /var/www/foodyyums/wp-admin/admin-ajax.php(22): require_once('/var/www/foodyy...')
#7 {main}
  thrown in /var/www/foodyyums/wp-content/plugins/wc-frontend-manager-groups-staffs/core/class-wcfmgs.php on line 91

2021-03-01T17:19:14+00:00 CRITICAL Uncaught Error: Call to undefined function wcfm_is_marketplace() in /var/www/foodyyums/wp-content/plugins/wc-frontend-manager-groups-staffs/core/class-wcfmgs.php:91
Stack trace:
#0 /var/www/foodyyums/wp-includes/class-wp-hook.php(287): WCFMgs->init('')
#1 /var/www/foodyyums/wp-includes/class-wp-hook.php(311): WP_Hook->apply_filters(NULL, Array)
#2 /var/www/foodyyums/wp-includes/plugin.php(484): WP_Hook->do_action(Array)
#3 /var/www/foodyyums/wp-settings.php(557): do_action('init')
#4 /var/www/foodyyums/wp-config.php(92): require_once('/var/www/foodyy...')
#5 /var/www/foodyyums/wp-load.php(37): require_once('/var/www/foodyy...')
#6 /var/www/foodyyums/wp-admin/admin-ajax.php(22): require_once('/var/www/foodyy...')
#7 {main}
  thrown in /var/www/foodyyums/wp-content/plugins/wc-frontend-manager-groups-staffs/core/class-wcfmgs.php on line 91

2021-03-01T17:19:48+00:00 CRITICAL Uncaught Error: Call to undefined function wcfm_is_marketplace() in /var/www/foodyyums/wp-content/plugins/wc-frontend-manager-groups-staffs/core/class-wcfmgs.php:91
Stack trace:
#0 /var/www/foodyyums/wp-includes/class-wp-hook.php(287): WCFMgs->init('')
#1 /var/www/foodyyums/wp-includes/class-wp-hook.php(311): WP_Hook->apply_filters(NULL, Array)
#2 /var/www/foodyyums/wp-includes/plugin.php(484): WP_Hook->do_action(Array)
#3 /var/www/foodyyums/wp-settings.php(557): do_action('init')
#4 /var/www/foodyyums/wp-config.php(92): require_once('/var/www/foodyy...')
#5 /var/www/foodyyums/wp-load.php(37): require_once('/var/www/foodyy...')
#6 /var/www/foodyyums/wp-admin/admin-ajax.php(22): require_once('/var/www/foodyy...')
#7 {main}
  thrown in /var/www/foodyyums/wp-content/plugins/wc-frontend-manager-groups-staffs/core/class-wcfmgs.php on line 91

2021-03-01T17:20:36+00:00 CRITICAL Uncaught Error: Call to undefined function wcfm_is_marketplace() in /var/www/foodyyums/wp-content/plugins/wc-frontend-manager-groups-staffs/core/class-wcfmgs.php:91
Stack trace:
#0 /var/www/foodyyums/wp-includes/class-wp-hook.php(287): WCFMgs->init('')
#1 /var/www/foodyyums/wp-includes/class-wp-hook.php(311): WP_Hook->apply_filters(NULL, Array)
#2 /var/www/foodyyums/wp-includes/plugin.php(484): WP_Hook->do_action(Array)
#3 /var/www/foodyyums/wp-settings.php(557): do_action('init')
#4 /var/www/foodyyums/wp-config.php(92): require_once('/var/www/foodyy...')
#5 /var/www/foodyyums/wp-load.php(37): require_once('/var/www/foodyy...')
#6 /var/www/foodyyums/wp-admin/admin-ajax.php(22): require_once('/var/www/foodyy...')
#7 {main}
  thrown in /var/www/foodyyums/wp-content/plugins/wc-frontend-manager-groups-staffs/core/class-wcfmgs.php on line 91

2021-03-01T17:20:38+00:00 CRITICAL Uncaught Error: Call to undefined function wcfm_is_marketplace() in /var/www/foodyyums/wp-content/plugins/wc-frontend-manager-groups-staffs/core/class-wcfmgs.php:91
Stack trace:
#0 /var/www/foodyyums/wp-includes/class-wp-hook.php(287): WCFMgs->init('')
#1 /var/www/foodyyums/wp-includes/class-wp-hook.php(311): WP_Hook->apply_filters(NULL, Array)
#2 /var/www/foodyyums/wp-includes/plugin.php(484): WP_Hook->do_action(Array)
#3 /var/www/foodyyums/wp-settings.php(557): do_action('init')
#4 /var/www/foodyyums/wp-config.php(92): require_once('/var/www/foodyy...')
#5 /var/www/foodyyums/wp-load.php(37): require_once('/var/www/foodyy...')
#6 /var/www/foodyyums/wp-admin/admin.php(34): require_once('/var/www/foodyy...')
#7 {main}
  thrown in /var/www/foodyyums/wp-content/plugins/wc-frontend-manager-groups-staffs/core/class-wcfmgs.php on line 91

2021-03-01T17:21:28+00:00 CRITICAL Uncaught Error: Call to undefined function wcfm_is_marketplace() in /var/www/foodyyums/wp-content/plugins/wc-frontend-manager-groups-staffs/core/class-wcfmgs.php:91
Stack trace:
#0 /var/www/foodyyums/wp-includes/class-wp-hook.php(287): WCFMgs->init('')
#1 /var/www/foodyyums/wp-includes/class-wp-hook.php(311): WP_Hook->apply_filters(NULL, Array)
#2 /var/www/foodyyums/wp-includes/plugin.php(484): WP_Hook->do_action(Array)
#3 /var/www/foodyyums/wp-settings.php(557): do_action('init')
#4 /var/www/foodyyums/wp-config.php(92): require_once('/var/www/foodyy...')
#5 /var/www/foodyyums/wp-load.php(37): require_once('/var/www/foodyy...')
#6 /var/www/foodyyums/wp-login.php(12): require('/var/www/foodyy...')
#7 {main}
  thrown in /var/www/foodyyums/wp-content/plugins/wc-frontend-manager-groups-staffs/core/class-wcfmgs.php on line 91

2021-03-01T17:21:29+00:00 CRITICAL Uncaught Error: Call to undefined function wcfm_is_marketplace() in /var/www/foodyyums/wp-content/plugins/wc-frontend-manager-groups-staffs/core/class-wcfmgs.php:91
Stack trace:
#0 /var/www/foodyyums/wp-includes/class-wp-hook.php(287): WCFMgs->init('')
#1 /var/www/foodyyums/wp-includes/class-wp-hook.php(311): WP_Hook->apply_filters(NULL, Array)
#2 /var/www/foodyyums/wp-includes/plugin.php(484): WP_Hook->do_action(Array)
#3 /var/www/foodyyums/wp-settings.php(557): do_action('init')
#4 /var/www/foodyyums/wp-config.php(92): require_once('/var/www/foodyy...')
#5 /var/www/foodyyums/wp-load.php(37): require_once('/var/www/foodyy...')
#6 /var/www/foodyyums/wp-login.php(12): require('/var/www/foodyy...')
#7 {main}
  thrown in /var/www/foodyyums/wp-content/plugins/wc-frontend-manager-groups-staffs/core/class-wcfmgs.php on line 91

2021-03-01T17:21:29+00:00 CRITICAL Uncaught Error: Call to undefined function wcfm_is_marketplace() in /var/www/foodyyums/wp-content/plugins/wc-frontend-manager-groups-staffs/core/class-wcfmgs.php:91
Stack trace:
#0 /var/www/foodyyums/wp-includes/class-wp-hook.php(287): WCFMgs->init('')
#1 /var/www/foodyyums/wp-includes/class-wp-hook.php(311): WP_Hook->apply_filters(NULL, Array)
#2 /var/www/foodyyums/wp-includes/plugin.php(484): WP_Hook->do_action(Array)
#3 /var/www/foodyyums/wp-settings.php(557): do_action('init')
#4 /var/www/foodyyums/wp-config.php(92): require_once('/var/www/foodyy...')
#5 /var/www/foodyyums/wp-load.php(37): require_once('/var/www/foodyy...')
#6 /var/www/foodyyums/wp-login.php(12): require('/var/www/foodyy...')
#7 {main}
  thrown in /var/www/foodyyums/wp-content/plugins/wc-frontend-manager-groups-staffs/core/class-wcfmgs.php on line 91

2021-03-01T17:21:30+00:00 CRITICAL Uncaught Error: Call to undefined function wcfm_is_marketplace() in /var/www/foodyyums/wp-content/plugins/wc-frontend-manager-groups-staffs/core/class-wcfmgs.php:91
Stack trace:
#0 /var/www/foodyyums/wp-includes/class-wp-hook.php(287): WCFMgs->init('')
#1 /var/www/foodyyums/wp-includes/class-wp-hook.php(311): WP_Hook->apply_filters(NULL, Array)
#2 /var/www/foodyyums/wp-includes/plugin.php(484): WP_Hook->do_action(Array)
#3 /var/www/foodyyums/wp-settings.php(557): do_action('init')
#4 /var/www/foodyyums/wp-config.php(92): require_once('/var/www/foodyy...')
#5 /var/www/foodyyums/wp-load.php(37): require_once('/var/www/foodyy...')
#6 /var/www/foodyyums/wp-login.php(12): require('/var/www/foodyy...')
#7 {main}
  thrown in /var/www/foodyyums/wp-content/plugins/wc-frontend-manager-groups-staffs/core/class-wcfmgs.php on line 91

2021-03-01T17:21:31+00:00 CRITICAL Uncaught Error: Call to undefined function wcfm_is_marketplace() in /var/www/foodyyums/wp-content/plugins/wc-frontend-manager-groups-staffs/core/class-wcfmgs.php:91
Stack trace:
#0 /var/www/foodyyums/wp-includes/class-wp-hook.php(287): WCFMgs->init('')
#1 /var/www/foodyyums/wp-includes/class-wp-hook.php(311): WP_Hook->apply_filters(NULL, Array)
#2 /var/www/foodyyums/wp-includes/plugin.php(484): WP_Hook->do_action(Array)
#3 /var/www/foodyyums/wp-settings.php(557): do_action('init')
#4 /var/www/foodyyums/wp-config.php(92): require_once('/var/www/foodyy...')
#5 /var/www/foodyyums/wp-load.php(37): require_once('/var/www/foodyy...')
#6 /var/www/foodyyums/wp-login.php(12): require('/var/www/foodyy...')
#7 {main}
  thrown in /var/www/foodyyums/wp-content/plugins/wc-frontend-manager-groups-staffs/core/class-wcfmgs.php on line 91

2021-03-01T17:21:32+00:00 CRITICAL Uncaught Error: Call to undefined function wcfm_is_marketplace() in /var/www/foodyyums/wp-content/plugins/wc-frontend-manager-groups-staffs/core/class-wcfmgs.php:91
Stack trace:
#0 /var/www/foodyyums/wp-includes/class-wp-hook.php(287): WCFMgs->init('')
#1 /var/www/foodyyums/wp-includes/class-wp-hook.php(311): WP_Hook->apply_filters(NULL, Array)
#2 /var/www/foodyyums/wp-includes/plugin.php(484): WP_Hook->do_action(Array)
#3 /var/www/foodyyums/wp-settings.php(557): do_action('init')
#4 /var/www/foodyyums/wp-config.php(92): require_once('/var/www/foodyy...')
#5 /var/www/foodyyums/wp-load.php(37): require_once('/var/www/foodyy...')
#6 /var/www/foodyyums/wp-login.php(12): require('/var/www/foodyy...')
#7 {main}
  thrown in /var/www/foodyyums/wp-content/plugins/wc-frontend-manager-groups-staffs/core/class-wcfmgs.php on line 91

2021-03-01T17:21:33+00:00 CRITICAL Uncaught Error: Call to undefined function wcfm_is_marketplace() in /var/www/foodyyums/wp-content/plugins/wc-frontend-manager-groups-staffs/core/class-wcfmgs.php:91
Stack trace:
#0 /var/www/foodyyums/wp-includes/class-wp-hook.php(287): WCFMgs->init('')
#1 /var/www/foodyyums/wp-includes/class-wp-hook.php(311): WP_Hook->apply_filters(NULL, Array)
#2 /var/www/foodyyums/wp-includes/plugin.php(484): WP_Hook->do_action(Array)
#3 /var/www/foodyyums/wp-settings.php(557): do_action('init')
#4 /var/www/foodyyums/wp-config.php(92): require_once('/var/www/foodyy...')
#5 /var/www/foodyyums/wp-load.php(37): require_once('/var/www/foodyy...')
#6 /var/www/foodyyums/xmlrpc.php(31): require_once('/var/www/foodyy...')
#7 {main}
  thrown in /var/www/foodyyums/wp-content/plugins/wc-frontend-manager-groups-staffs/core/class-wcfmgs.php on line 91

2021-03-01T17:21:38+00:00 CRITICAL Uncaught Error: Call to undefined function wcfm_is_marketplace() in /var/www/foodyyums/wp-content/plugins/wc-frontend-manager-groups-staffs/core/class-wcfmgs.php:91
Stack trace:
#0 /var/www/foodyyums/wp-includes/class-wp-hook.php(287): WCFMgs->init('')
#1 /var/www/foodyyums/wp-includes/class-wp-hook.php(311): WP_Hook->apply_filters(NULL, Array)
#2 /var/www/foodyyums/wp-includes/plugin.php(484): WP_Hook->do_action(Array)
#3 /var/www/foodyyums/wp-settings.php(557): do_action('init')
#4 /var/www/foodyyums/wp-config.php(92): require_once('/var/www/foodyy...')
#5 /var/www/foodyyums/wp-load.php(37): require_once('/var/www/foodyy...')
#6 /var/www/foodyyums/wp-admin/admin-ajax.php(22): require_once('/var/www/foodyy...')
#7 {main}
  thrown in /var/www/foodyyums/wp-content/plugins/wc-frontend-manager-groups-staffs/core/class-wcfmgs.php on line 91

2021-03-01T17:21:47+00:00 CRITICAL Uncaught Error: Call to undefined function wcfm_is_marketplace() in /var/www/foodyyums/wp-content/plugins/wc-frontend-manager-groups-staffs/core/class-wcfmgs.php:91
Stack trace:
#0 /var/www/foodyyums/wp-includes/class-wp-hook.php(287): WCFMgs->init('')
#1 /var/www/foodyyums/wp-includes/class-wp-hook.php(311): WP_Hook->apply_filters(NULL, Array)
#2 /var/www/foodyyums/wp-includes/plugin.php(484): WP_Hook->do_action(Array)
#3 /var/www/foodyyums/wp-settings.php(557): do_action('init')
#4 /var/www/foodyyums/wp-config.php(92): require_once('/var/www/foodyy...')
#5 /var/www/foodyyums/wp-load.php(37): require_once('/var/www/foodyy...')
#6 /var/www/foodyyums/wp-admin/admin-ajax.php(22): require_once('/var/www/foodyy...')
#7 {main}
  thrown in /var/www/foodyyums/wp-content/plugins/wc-frontend-manager-groups-staffs/core/class-wcfmgs.php on line 91

2021-03-01T17:23:38+00:00 CRITICAL Uncaught Error: Call to undefined function wcfm_is_marketplace() in /var/www/foodyyums/wp-content/plugins/wc-frontend-manager-groups-staffs/core/class-wcfmgs.php:91
Stack trace:
#0 /var/www/foodyyums/wp-includes/class-wp-hook.php(287): WCFMgs->init('')
#1 /var/www/foodyyums/wp-includes/class-wp-hook.php(311): WP_Hook->apply_filters(NULL, Array)
#2 /var/www/foodyyums/wp-includes/plugin.php(484): WP_Hook->do_action(Array)
#3 /var/www/foodyyums/wp-settings.php(557): do_action('init')
#4 /var/www/foodyyums/wp-config.php(92): require_once('/var/www/foodyy...')
#5 /var/www/foodyyums/wp-load.php(37): require_once('/var/www/foodyy...')
#6 /var/www/foodyyums/wp-admin/admin-ajax.php(22): require_once('/var/www/foodyy...')
#7 {main}
  thrown in /var/www/foodyyums/wp-content/plugins/wc-frontend-manager-groups-staffs/core/class-wcfmgs.php on line 91

2021-03-01T17:23:48+00:00 CRITICAL Uncaught Error: Call to undefined function wcfm_is_marketplace() in /var/www/foodyyums/wp-content/plugins/wc-frontend-manager-groups-staffs/core/class-wcfmgs.php:91
Stack trace:
#0 /var/www/foodyyums/wp-includes/class-wp-hook.php(287): WCFMgs->init('')
#1 /var/www/foodyyums/wp-includes/class-wp-hook.php(311): WP_Hook->apply_filters(NULL, Array)
#2 /var/www/foodyyums/wp-includes/plugin.php(484): WP_Hook->do_action(Array)
#3 /var/www/foodyyums/wp-settings.php(557): do_action('init')
#4 /var/www/foodyyums/wp-config.php(92): require_once('/var/www/foodyy...')
#5 /var/www/foodyyums/wp-load.php(37): require_once('/var/www/foodyy...')
#6 /var/www/foodyyums/wp-admin/admin-ajax.php(22): require_once('/var/www/foodyy...')
#7 {main}
  thrown in /var/www/foodyyums/wp-content/plugins/wc-frontend-manager-groups-staffs/core/class-wcfmgs.php on line 91

2021-03-01T17:25:07+00:00 CRITICAL Uncaught Error: Call to undefined function wcfm_is_marketplace() in /var/www/foodyyums/wp-content/plugins/wc-frontend-manager-groups-staffs/core/class-wcfmgs.php:91
Stack trace:
#0 /var/www/foodyyums/wp-includes/class-wp-hook.php(287): WCFMgs->init('')
#1 /var/www/foodyyums/wp-includes/class-wp-hook.php(311): WP_Hook->apply_filters(NULL, Array)
#2 /var/www/foodyyums/wp-includes/plugin.php(484): WP_Hook->do_action(Array)
#3 /var/www/foodyyums/wp-settings.php(557): do_action('init')
#4 /var/www/foodyyums/wp-config.php(92): require_once('/var/www/foodyy...')
#5 /var/www/foodyyums/wp-load.php(37): require_once('/var/www/foodyy...')
#6 /var/www/foodyyums/wp-admin/admin-ajax.php(22): require_once('/var/www/foodyy...')
#7 {main}
  thrown in /var/www/foodyyums/wp-content/plugins/wc-frontend-manager-groups-staffs/core/class-wcfmgs.php on line 91

2021-03-01T17:25:38+00:00 CRITICAL Uncaught Error: Call to undefined function wcfm_is_marketplace() in /var/www/foodyyums/wp-content/plugins/wc-frontend-manager-groups-staffs/core/class-wcfmgs.php:91
Stack trace:
#0 /var/www/foodyyums/wp-includes/class-wp-hook.php(287): WCFMgs->init('')
#1 /var/www/foodyyums/wp-includes/class-wp-hook.php(311): WP_Hook->apply_filters(NULL, Array)
#2 /var/www/foodyyums/wp-includes/plugin.php(484): WP_Hook->do_action(Array)
#3 /var/www/foodyyums/wp-settings.php(557): do_action('init')
#4 /var/www/foodyyums/wp-config.php(92): require_once('/var/www/foodyy...')
#5 /var/www/foodyyums/wp-load.php(37): require_once('/var/www/foodyy...')
#6 /var/www/foodyyums/wp-admin/admin-ajax.php(22): require_once('/var/www/foodyy...')
#7 {main}
  thrown in /var/www/foodyyums/wp-content/plugins/wc-frontend-manager-groups-staffs/core/class-wcfmgs.php on line 91

2021-03-01T17:26:06+00:00 CRITICAL Uncaught Error: Call to undefined function wcfm_is_marketplace() in /var/www/foodyyums/wp-content/plugins/wc-frontend-manager-groups-staffs/core/class-wcfmgs.php:91
Stack trace:
#0 /var/www/foodyyums/wp-includes/class-wp-hook.php(287): WCFMgs->init('')
#1 /var/www/foodyyums/wp-includes/class-wp-hook.php(311): WP_Hook->apply_filters(NULL, Array)
#2 /var/www/foodyyums/wp-includes/plugin.php(484): WP_Hook->do_action(Array)
#3 /var/www/foodyyums/wp-settings.php(557): do_action('init')
#4 /var/www/foodyyums/wp-config.php(92): require_once('/var/www/foodyy...')
#5 /var/www/foodyyums/wp-load.php(37): require_once('/var/www/foodyy...')
#6 /var/www/foodyyums/wp-admin/admin-ajax.php(22): require_once('/var/www/foodyy...')
#7 {main}
  thrown in /var/www/foodyyums/wp-content/plugins/wc-frontend-manager-groups-staffs/core/class-wcfmgs.php on line 91

2021-03-01T17:27:03+00:00 CRITICAL Uncaught Error: Call to undefined function wcfm_is_marketplace() in /var/www/foodyyums/wp-content/plugins/wc-frontend-manager-groups-staffs/core/class-wcfmgs.php:91
Stack trace:
#0 /var/www/foodyyums/wp-includes/class-wp-hook.php(287): WCFMgs->init('')
#1 /var/www/foodyyums/wp-includes/class-wp-hook.php(311): WP_Hook->apply_filters(NULL, Array)
#2 /var/www/foodyyums/wp-includes/plugin.php(484): WP_Hook->do_action(Array)
#3 /var/www/foodyyums/wp-settings.php(557): do_action('init')
#4 /var/www/foodyyums/wp-config.php(92): require_once('/var/www/foodyy...')
#5 /var/www/foodyyums/wp-load.php(37): require_once('/var/www/foodyy...')
#6 /var/www/foodyyums/wp-blog-header.php(13): require_once('/var/www/foodyy...')
#7 /var/www/foodyyums/index.php(17): require('/var/www/foodyy...')
#8 {main}
  thrown in /var/www/foodyyums/wp-content/plugins/wc-frontend-manager-groups-staffs/core/class-wcfmgs.php on line 91

2021-03-01T17:27:39+00:00 CRITICAL Uncaught Error: Call to undefined function wcfm_is_marketplace() in /var/www/foodyyums/wp-content/plugins/wc-frontend-manager-groups-staffs/core/class-wcfmgs.php:91
Stack trace:
#0 /var/www/foodyyums/wp-includes/class-wp-hook.php(287): WCFMgs->init('')
#1 /var/www/foodyyums/wp-includes/class-wp-hook.php(311): WP_Hook->apply_filters(NULL, Array)
#2 /var/www/foodyyums/wp-includes/plugin.php(484): WP_Hook->do_action(Array)
#3 /var/www/foodyyums/wp-settings.php(557): do_action('init')
#4 /var/www/foodyyums/wp-config.php(92): require_once('/var/www/foodyy...')
#5 /var/www/foodyyums/wp-load.php(37): require_once('/var/www/foodyy...')
#6 /var/www/foodyyums/wp-admin/admin-ajax.php(22): require_once('/var/www/foodyy...')
#7 {main}
  thrown in /var/www/foodyyums/wp-content/plugins/wc-frontend-manager-groups-staffs/core/class-wcfmgs.php on line 91

2021-03-01T17:28:06+00:00 CRITICAL Uncaught Error: Call to undefined function wcfm_is_marketplace() in /var/www/foodyyums/wp-content/plugins/wc-frontend-manager-groups-staffs/core/class-wcfmgs.php:91
Stack trace:
#0 /var/www/foodyyums/wp-includes/class-wp-hook.php(287): WCFMgs->init('')
#1 /var/www/foodyyums/wp-includes/class-wp-hook.php(311): WP_Hook->apply_filters(NULL, Array)
#2 /var/www/foodyyums/wp-includes/plugin.php(484): WP_Hook->do_action(Array)
#3 /var/www/foodyyums/wp-settings.php(557): do_action('init')
#4 /var/www/foodyyums/wp-config.php(92): require_once('/var/www/foodyy...')
#5 /var/www/foodyyums/wp-load.php(37): require_once('/var/www/foodyy...')
#6 /var/www/foodyyums/wp-admin/admin-ajax.php(22): require_once('/var/www/foodyy...')
#7 {main}
  thrown in /var/www/foodyyums/wp-content/plugins/wc-frontend-manager-groups-staffs/core/class-wcfmgs.php on line 91

2021-03-01T17:29:39+00:00 CRITICAL Uncaught Error: Call to undefined function wcfm_is_marketplace() in /var/www/foodyyums/wp-content/plugins/wc-frontend-manager-groups-staffs/core/class-wcfmgs.php:91
Stack trace:
#0 /var/www/foodyyums/wp-includes/class-wp-hook.php(287): WCFMgs->init('')
#1 /var/www/foodyyums/wp-includes/class-wp-hook.php(311): WP_Hook->apply_filters(NULL, Array)
#2 /var/www/foodyyums/wp-includes/plugin.php(484): WP_Hook->do_action(Array)
#3 /var/www/foodyyums/wp-settings.php(557): do_action('init')
#4 /var/www/foodyyums/wp-config.php(92): require_once('/var/www/foodyy...')
#5 /var/www/foodyyums/wp-load.php(37): require_once('/var/www/foodyy...')
#6 /var/www/foodyyums/wp-admin/admin-ajax.php(22): require_once('/var/www/foodyy...')
#7 {main}
  thrown in /var/www/foodyyums/wp-content/plugins/wc-frontend-manager-groups-staffs/core/class-wcfmgs.php on line 91

2021-03-01T17:30:06+00:00 CRITICAL Uncaught Error: Call to undefined function wcfm_is_marketplace() in /var/www/foodyyums/wp-content/plugins/wc-frontend-manager-groups-staffs/core/class-wcfmgs.php:91
Stack trace:
#0 /var/www/foodyyums/wp-includes/class-wp-hook.php(287): WCFMgs->init('')
#1 /var/www/foodyyums/wp-includes/class-wp-hook.php(311): WP_Hook->apply_filters(NULL, Array)
#2 /var/www/foodyyums/wp-includes/plugin.php(484): WP_Hook->do_action(Array)
#3 /var/www/foodyyums/wp-settings.php(557): do_action('init')
#4 /var/www/foodyyums/wp-config.php(92): require_once('/var/www/foodyy...')
#5 /var/www/foodyyums/wp-load.php(37): require_once('/var/www/foodyy...')
#6 /var/www/foodyyums/wp-admin/admin-ajax.php(22): require_once('/var/www/foodyy...')
#7 {main}
  thrown in /var/www/foodyyums/wp-content/plugins/wc-frontend-manager-groups-staffs/core/class-wcfmgs.php on line 91

2021-03-01T17:31:09+00:00 CRITICAL Uncaught Error: Call to undefined function wcfm_is_marketplace() in /var/www/foodyyums/wp-content/plugins/wc-frontend-manager-groups-staffs/core/class-wcfmgs.php:91
Stack trace:
#0 /var/www/foodyyums/wp-includes/class-wp-hook.php(287): WCFMgs->init('')
#1 /var/www/foodyyums/wp-includes/class-wp-hook.php(311): WP_Hook->apply_filters(NULL, Array)
#2 /var/www/foodyyums/wp-includes/plugin.php(484): WP_Hook->do_action(Array)
#3 /var/www/foodyyums/wp-settings.php(557): do_action('init')
#4 /var/www/foodyyums/wp-config.php(92): require_once('/var/www/foodyy...')
#5 /var/www/foodyyums/wp-load.php(37): require_once('/var/www/foodyy...')
#6 /var/www/foodyyums/wp-login.php(12): require('/var/www/foodyy...')
#7 {main}
  thrown in /var/www/foodyyums/wp-content/plugins/wc-frontend-manager-groups-staffs/core/class-wcfmgs.php on line 91

2021-03-01T17:31:10+00:00 CRITICAL Uncaught Error: Call to undefined function wcfm_is_marketplace() in /var/www/foodyyums/wp-content/plugins/wc-frontend-manager-groups-staffs/core/class-wcfmgs.php:91
Stack trace:
#0 /var/www/foodyyums/wp-includes/class-wp-hook.php(287): WCFMgs->init('')
#1 /var/www/foodyyums/wp-includes/class-wp-hook.php(311): WP_Hook->apply_filters(NULL, Array)
#2 /var/www/foodyyums/wp-includes/plugin.php(484): WP_Hook->do_action(Array)
#3 /var/www/foodyyums/wp-settings.php(557): do_action('init')
#4 /var/www/foodyyums/wp-config.php(92): require_once('/var/www/foodyy...')
#5 /var/www/foodyyums/wp-load.php(37): require_once('/var/www/foodyy...')
#6 /var/www/foodyyums/wp-login.php(12): require('/var/www/foodyy...')
#7 {main}
  thrown in /var/www/foodyyums/wp-content/plugins/wc-frontend-manager-groups-staffs/core/class-wcfmgs.php on line 91

2021-03-01T17:31:10+00:00 CRITICAL Uncaught Error: Call to undefined function wcfm_is_marketplace() in /var/www/foodyyums/wp-content/plugins/wc-frontend-manager-groups-staffs/core/class-wcfmgs.php:91
Stack trace:
#0 /var/www/foodyyums/wp-includes/class-wp-hook.php(287): WCFMgs->init('')
#1 /var/www/foodyyums/wp-includes/class-wp-hook.php(311): WP_Hook->apply_filters(NULL, Array)
#2 /var/www/foodyyums/wp-includes/plugin.php(484): WP_Hook->do_action(Array)
#3 /var/www/foodyyums/wp-settings.php(557): do_action('init')
#4 /var/www/foodyyums/wp-config.php(92): require_once('/var/www/foodyy...')
#5 /var/www/foodyyums/wp-load.php(37): require_once('/var/www/foodyy...')
#6 /var/www/foodyyums/wp-login.php(12): require('/var/www/foodyy...')
#7 {main}
  thrown in /var/www/foodyyums/wp-content/plugins/wc-frontend-manager-groups-staffs/core/class-wcfmgs.php on line 91

2021-03-01T17:31:10+00:00 CRITICAL Uncaught Error: Call to undefined function wcfm_is_marketplace() in /var/www/foodyyums/wp-content/plugins/wc-frontend-manager-groups-staffs/core/class-wcfmgs.php:91
Stack trace:
#0 /var/www/foodyyums/wp-includes/class-wp-hook.php(287): WCFMgs->init('')
#1 /var/www/foodyyums/wp-includes/class-wp-hook.php(311): WP_Hook->apply_filters(NULL, Array)
#2 /var/www/foodyyums/wp-includes/plugin.php(484): WP_Hook->do_action(Array)
#3 /var/www/foodyyums/wp-settings.php(557): do_action('init')
#4 /var/www/foodyyums/wp-config.php(92): require_once('/var/www/foodyy...')
#5 /var/www/foodyyums/wp-load.php(37): require_once('/var/www/foodyy...')
#6 /var/www/foodyyums/wp-login.php(12): require('/var/www/foodyy...')
#7 {main}
  thrown in /var/www/foodyyums/wp-content/plugins/wc-frontend-manager-groups-staffs/core/class-wcfmgs.php on line 91

2021-03-01T17:31:11+00:00 CRITICAL Uncaught Error: Call to undefined function wcfm_is_marketplace() in /var/www/foodyyums/wp-content/plugins/wc-frontend-manager-groups-staffs/core/class-wcfmgs.php:91
Stack trace:
#0 /var/www/foodyyums/wp-includes/class-wp-hook.php(287): WCFMgs->init('')
#1 /var/www/foodyyums/wp-includes/class-wp-hook.php(311): WP_Hook->apply_filters(NULL, Array)
#2 /var/www/foodyyums/wp-includes/plugin.php(484): WP_Hook->do_action(Array)
#3 /var/www/foodyyums/wp-settings.php(557): do_action('init')
#4 /var/www/foodyyums/wp-config.php(92): require_once('/var/www/foodyy...')
#5 /var/www/foodyyums/wp-load.php(37): require_once('/var/www/foodyy...')
#6 /var/www/foodyyums/wp-login.php(12): require('/var/www/foodyy...')
#7 {main}
  thrown in /var/www/foodyyums/wp-content/plugins/wc-frontend-manager-groups-staffs/core/class-wcfmgs.php on line 91

2021-03-01T17:31:11+00:00 CRITICAL Uncaught Error: Call to undefined function wcfm_is_marketplace() in /var/www/foodyyums/wp-content/plugins/wc-frontend-manager-groups-staffs/core/class-wcfmgs.php:91
Stack trace:
#0 /var/www/foodyyums/wp-includes/class-wp-hook.php(287): WCFMgs->init('')
#1 /var/www/foodyyums/wp-includes/class-wp-hook.php(311): WP_Hook->apply_filters(NULL, Array)
#2 /var/www/foodyyums/wp-includes/plugin.php(484): WP_Hook->do_action(Array)
#3 /var/www/foodyyums/wp-settings.php(557): do_action('init')
#4 /var/www/foodyyums/wp-config.php(92): require_once('/var/www/foodyy...')
#5 /var/www/foodyyums/wp-load.php(37): require_once('/var/www/foodyy...')
#6 /var/www/foodyyums/wp-login.php(12): require('/var/www/foodyy...')
#7 {main}
  thrown in /var/www/foodyyums/wp-content/plugins/wc-frontend-manager-groups-staffs/core/class-wcfmgs.php on line 91

2021-03-01T17:31:11+00:00 CRITICAL Uncaught Error: Call to undefined function wcfm_is_marketplace() in /var/www/foodyyums/wp-content/plugins/wc-frontend-manager-groups-staffs/core/class-wcfmgs.php:91
Stack trace:
#0 /var/www/foodyyums/wp-includes/class-wp-hook.php(287): WCFMgs->init('')
#1 /var/www/foodyyums/wp-includes/class-wp-hook.php(311): WP_Hook->apply_filters(NULL, Array)
#2 /var/www/foodyyums/wp-includes/plugin.php(484): WP_Hook->do_action(Array)
#3 /var/www/foodyyums/wp-settings.php(557): do_action('init')
#4 /var/www/foodyyums/wp-config.php(92): require_once('/var/www/foodyy...')
#5 /var/www/foodyyums/wp-load.php(37): require_once('/var/www/foodyy...')
#6 /var/www/foodyyums/xmlrpc.php(31): require_once('/var/www/foodyy...')
#7 {main}
  thrown in /var/www/foodyyums/wp-content/plugins/wc-frontend-manager-groups-staffs/core/class-wcfmgs.php on line 91

2021-03-01T17:32:08+00:00 CRITICAL Uncaught Error: Call to undefined function wcfm_is_marketplace() in /var/www/foodyyums/wp-content/plugins/wc-frontend-manager-groups-staffs/core/class-wcfmgs.php:91
Stack trace:
#0 /var/www/foodyyums/wp-includes/class-wp-hook.php(287): WCFMgs->init('')
#1 /var/www/foodyyums/wp-includes/class-wp-hook.php(311): WP_Hook->apply_filters(NULL, Array)
#2 /var/www/foodyyums/wp-includes/plugin.php(484): WP_Hook->do_action(Array)
#3 /var/www/foodyyums/wp-settings.php(557): do_action('init')
#4 /var/www/foodyyums/wp-config.php(92): require_once('/var/www/foodyy...')
#5 /var/www/foodyyums/wp-load.php(37): require_once('/var/www/foodyy...')
#6 /var/www/foodyyums/wp-admin/admin-ajax.php(22): require_once('/var/www/foodyy...')
#7 {main}
  thrown in /var/www/foodyyums/wp-content/plugins/wc-frontend-manager-groups-staffs/core/class-wcfmgs.php on line 91

2021-03-01T17:34:09+00:00 CRITICAL Uncaught Error: Call to undefined function wcfm_is_marketplace() in /var/www/foodyyums/wp-content/plugins/wc-frontend-manager-groups-staffs/core/class-wcfmgs.php:91
Stack trace:
#0 /var/www/foodyyums/wp-includes/class-wp-hook.php(287): WCFMgs->init('')
#1 /var/www/foodyyums/wp-includes/class-wp-hook.php(311): WP_Hook->apply_filters(NULL, Array)
#2 /var/www/foodyyums/wp-includes/plugin.php(484): WP_Hook->do_action(Array)
#3 /var/www/foodyyums/wp-settings.php(557): do_action('init')
#4 /var/www/foodyyums/wp-config.php(92): require_once('/var/www/foodyy...')
#5 /var/www/foodyyums/wp-load.php(37): require_once('/var/www/foodyy...')
#6 /var/www/foodyyums/wp-admin/admin-ajax.php(22): require_once('/var/www/foodyy...')
#7 {main}
  thrown in /var/www/foodyyums/wp-content/plugins/wc-frontend-manager-groups-staffs/core/class-wcfmgs.php on line 91

2021-03-01T17:41:06+00:00 CRITICAL Uncaught Error: Call to undefined function wcfm_is_marketplace() in /var/www/foodyyums/wp-content/plugins/wc-frontend-manager-groups-staffs/core/class-wcfmgs.php:91
Stack trace:
#0 /var/www/foodyyums/wp-includes/class-wp-hook.php(287): WCFMgs->init('')
#1 /var/www/foodyyums/wp-includes/class-wp-hook.php(311): WP_Hook->apply_filters(NULL, Array)
#2 /var/www/foodyyums/wp-includes/plugin.php(484): WP_Hook->do_action(Array)
#3 /var/www/foodyyums/wp-settings.php(557): do_action('init')
#4 /var/www/foodyyums/wp-config.php(92): require_once('/var/www/foodyy...')
#5 /var/www/foodyyums/wp-load.php(37): require_once('/var/www/foodyy...')
#6 /var/www/foodyyums/wp-login.php(12): require('/var/www/foodyy...')
#7 {main}
  thrown in /var/www/foodyyums/wp-content/plugins/wc-frontend-manager-groups-staffs/core/class-wcfmgs.php on line 91

2021-03-01T17:41:07+00:00 CRITICAL Uncaught Error: Call to undefined function wcfm_is_marketplace() in /var/www/foodyyums/wp-content/plugins/wc-frontend-manager-groups-staffs/core/class-wcfmgs.php:91
Stack trace:
#0 /var/www/foodyyums/wp-includes/class-wp-hook.php(287): WCFMgs->init('')
#1 /var/www/foodyyums/wp-includes/class-wp-hook.php(311): WP_Hook->apply_filters(NULL, Array)
#2 /var/www/foodyyums/wp-includes/plugin.php(484): WP_Hook->do_action(Array)
#3 /var/www/foodyyums/wp-settings.php(557): do_action('init')
#4 /var/www/foodyyums/wp-config.php(92): require_once('/var/www/foodyy...')
#5 /var/www/foodyyums/wp-load.php(37): require_once('/var/www/foodyy...')
#6 /var/www/foodyyums/wp-login.php(12): require('/var/www/foodyy...')
#7 {main}
  thrown in /var/www/foodyyums/wp-content/plugins/wc-frontend-manager-groups-staffs/core/class-wcfmgs.php on line 91

2021-03-01T17:41:07+00:00 CRITICAL Uncaught Error: Call to undefined function wcfm_is_marketplace() in /var/www/foodyyums/wp-content/plugins/wc-frontend-manager-groups-staffs/core/class-wcfmgs.php:91
Stack trace:
#0 /var/www/foodyyums/wp-includes/class-wp-hook.php(287): WCFMgs->init('')
#1 /var/www/foodyyums/wp-includes/class-wp-hook.php(311): WP_Hook->apply_filters(NULL, Array)
#2 /var/www/foodyyums/wp-includes/plugin.php(484): WP_Hook->do_action(Array)
#3 /var/www/foodyyums/wp-settings.php(557): do_action('init')
#4 /var/www/foodyyums/wp-config.php(92): require_once('/var/www/foodyy...')
#5 /var/www/foodyyums/wp-load.php(37): require_once('/var/www/foodyy...')
#6 /var/www/foodyyums/wp-login.php(12): require('/var/www/foodyy...')
#7 {main}
  thrown in /var/www/foodyyums/wp-content/plugins/wc-frontend-manager-groups-staffs/core/class-wcfmgs.php on line 91

2021-03-01T17:41:07+00:00 CRITICAL Uncaught Error: Call to undefined function wcfm_is_marketplace() in /var/www/foodyyums/wp-content/plugins/wc-frontend-manager-groups-staffs/core/class-wcfmgs.php:91
Stack trace:
#0 /var/www/foodyyums/wp-includes/class-wp-hook.php(287): WCFMgs->init('')
#1 /var/www/foodyyums/wp-includes/class-wp-hook.php(311): WP_Hook->apply_filters(NULL, Array)
#2 /var/www/foodyyums/wp-includes/plugin.php(484): WP_Hook->do_action(Array)
#3 /var/www/foodyyums/wp-settings.php(557): do_action('init')
#4 /var/www/foodyyums/wp-config.php(92): require_once('/var/www/foodyy...')
#5 /var/www/foodyyums/wp-load.php(37): require_once('/var/www/foodyy...')
#6 /var/www/foodyyums/wp-login.php(12): require('/var/www/foodyy...')
#7 {main}
  thrown in /var/www/foodyyums/wp-content/plugins/wc-frontend-manager-groups-staffs/core/class-wcfmgs.php on line 91

2021-03-01T17:41:09+00:00 CRITICAL Uncaught Error: Call to undefined function wcfm_is_marketplace() in /var/www/foodyyums/wp-content/plugins/wc-frontend-manager-groups-staffs/core/class-wcfmgs.php:91
Stack trace:
#0 /var/www/foodyyums/wp-includes/class-wp-hook.php(287): WCFMgs->init('')
#1 /var/www/foodyyums/wp-includes/class-wp-hook.php(311): WP_Hook->apply_filters(NULL, Array)
#2 /var/www/foodyyums/wp-includes/plugin.php(484): WP_Hook->do_action(Array)
#3 /var/www/foodyyums/wp-settings.php(557): do_action('init')
#4 /var/www/foodyyums/wp-config.php(92): require_once('/var/www/foodyy...')
#5 /var/www/foodyyums/wp-load.php(37): require_once('/var/www/foodyy...')
#6 /var/www/foodyyums/wp-login.php(12): require('/var/www/foodyy...')
#7 {main}
  thrown in /var/www/foodyyums/wp-content/plugins/wc-frontend-manager-groups-staffs/core/class-wcfmgs.php on line 91

2021-03-01T17:41:09+00:00 CRITICAL Uncaught Error: Call to undefined function wcfm_is_marketplace() in /var/www/foodyyums/wp-content/plugins/wc-frontend-manager-groups-staffs/core/class-wcfmgs.php:91
Stack trace:
#0 /var/www/foodyyums/wp-includes/class-wp-hook.php(287): WCFMgs->init('')
#1 /var/www/foodyyums/wp-includes/class-wp-hook.php(311): WP_Hook->apply_filters(NULL, Array)
#2 /var/www/foodyyums/wp-includes/plugin.php(484): WP_Hook->do_action(Array)
#3 /var/www/foodyyums/wp-settings.php(557): do_action('init')
#4 /var/www/foodyyums/wp-config.php(92): require_once('/var/www/foodyy...')
#5 /var/www/foodyyums/wp-load.php(37): require_once('/var/www/foodyy...')
#6 /var/www/foodyyums/wp-login.php(12): require('/var/www/foodyy...')
#7 {main}
  thrown in /var/www/foodyyums/wp-content/plugins/wc-frontend-manager-groups-staffs/core/class-wcfmgs.php on line 91

2021-03-01T17:41:09+00:00 CRITICAL Uncaught Error: Call to undefined function wcfm_is_marketplace() in /var/www/foodyyums/wp-content/plugins/wc-frontend-manager-groups-staffs/core/class-wcfmgs.php:91
Stack trace:
#0 /var/www/foodyyums/wp-includes/class-wp-hook.php(287): WCFMgs->init('')
#1 /var/www/foodyyums/wp-includes/class-wp-hook.php(311): WP_Hook->apply_filters(NULL, Array)
#2 /var/www/foodyyums/wp-includes/plugin.php(484): WP_Hook->do_action(Array)
#3 /var/www/foodyyums/wp-settings.php(557): do_action('init')
#4 /var/www/foodyyums/wp-config.php(92): require_once('/var/www/foodyy...')
#5 /var/www/foodyyums/wp-load.php(37): require_once('/var/www/foodyy...')
#6 /var/www/foodyyums/xmlrpc.php(31): require_once('/var/www/foodyy...')
#7 {main}
  thrown in /var/www/foodyyums/wp-content/plugins/wc-frontend-manager-groups-staffs/core/class-wcfmgs.php on line 91

2021-03-01T17:48:54+00:00 CRITICAL Uncaught Error: Call to undefined function wcfm_is_marketplace() in /var/www/foodyyums/wp-content/plugins/wc-frontend-manager-groups-staffs/core/class-wcfmgs.php:91
Stack trace:
#0 /var/www/foodyyums/wp-includes/class-wp-hook.php(287): WCFMgs->init('')
#1 /var/www/foodyyums/wp-includes/class-wp-hook.php(311): WP_Hook->apply_filters(NULL, Array)
#2 /var/www/foodyyums/wp-includes/plugin.php(484): WP_Hook->do_action(Array)
#3 /var/www/foodyyums/wp-settings.php(557): do_action('init')
#4 /var/www/foodyyums/wp-config.php(92): require_once('/var/www/foodyy...')
#5 /var/www/foodyyums/wp-load.php(37): require_once('/var/www/foodyy...')
#6 /var/www/foodyyums/wp-login.php(12): require('/var/www/foodyy...')
#7 {main}
  thrown in /var/www/foodyyums/wp-content/plugins/wc-frontend-manager-groups-staffs/core/class-wcfmgs.php on line 91

2021-03-01T17:48:55+00:00 CRITICAL Uncaught Error: Call to undefined function wcfm_is_marketplace() in /var/www/foodyyums/wp-content/plugins/wc-frontend-manager-groups-staffs/core/class-wcfmgs.php:91
Stack trace:
#0 /var/www/foodyyums/wp-includes/class-wp-hook.php(287): WCFMgs->init('')
#1 /var/www/foodyyums/wp-includes/class-wp-hook.php(311): WP_Hook->apply_filters(NULL, Array)
#2 /var/www/foodyyums/wp-includes/plugin.php(484): WP_Hook->do_action(Array)
#3 /var/www/foodyyums/wp-settings.php(557): do_action('init')
#4 /var/www/foodyyums/wp-config.php(92): require_once('/var/www/foodyy...')
#5 /var/www/foodyyums/wp-load.php(37): require_once('/var/www/foodyy...')
#6 /var/www/foodyyums/wp-login.php(12): require('/var/www/foodyy...')
#7 {main}
  thrown in /var/www/foodyyums/wp-content/plugins/wc-frontend-manager-groups-staffs/core/class-wcfmgs.php on line 91

2021-03-01T17:48:55+00:00 CRITICAL Uncaught Error: Call to undefined function wcfm_is_marketplace() in /var/www/foodyyums/wp-content/plugins/wc-frontend-manager-groups-staffs/core/class-wcfmgs.php:91
Stack trace:
#0 /var/www/foodyyums/wp-includes/class-wp-hook.php(287): WCFMgs->init('')
#1 /var/www/foodyyums/wp-includes/class-wp-hook.php(311): WP_Hook->apply_filters(NULL, Array)
#2 /var/www/foodyyums/wp-includes/plugin.php(484): WP_Hook->do_action(Array)
#3 /var/www/foodyyums/wp-settings.php(557): do_action('init')
#4 /var/www/foodyyums/wp-config.php(92): require_once('/var/www/foodyy...')
#5 /var/www/foodyyums/wp-load.php(37): require_once('/var/www/foodyy...')
#6 /var/www/foodyyums/wp-login.php(12): require('/var/www/foodyy...')
#7 {main}
  thrown in /var/www/foodyyums/wp-content/plugins/wc-frontend-manager-groups-staffs/core/class-wcfmgs.php on line 91

2021-03-01T17:48:56+00:00 CRITICAL Uncaught Error: Call to undefined function wcfm_is_marketplace() in /var/www/foodyyums/wp-content/plugins/wc-frontend-manager-groups-staffs/core/class-wcfmgs.php:91
Stack trace:
#0 /var/www/foodyyums/wp-includes/class-wp-hook.php(287): WCFMgs->init('')
#1 /var/www/foodyyums/wp-includes/class-wp-hook.php(311): WP_Hook->apply_filters(NULL, Array)
#2 /var/www/foodyyums/wp-includes/plugin.php(484): WP_Hook->do_action(Array)
#3 /var/www/foodyyums/wp-settings.php(557): do_action('init')
#4 /var/www/foodyyums/wp-config.php(92): require_once('/var/www/foodyy...')
#5 /var/www/foodyyums/wp-load.php(37): require_once('/var/www/foodyy...')
#6 /var/www/foodyyums/wp-login.php(12): require('/var/www/foodyy...')
#7 {main}
  thrown in /var/www/foodyyums/wp-content/plugins/wc-frontend-manager-groups-staffs/core/class-wcfmgs.php on line 91

2021-03-01T17:48:57+00:00 CRITICAL Uncaught Error: Call to undefined function wcfm_is_marketplace() in /var/www/foodyyums/wp-content/plugins/wc-frontend-manager-groups-staffs/core/class-wcfmgs.php:91
Stack trace:
#0 /var/www/foodyyums/wp-includes/class-wp-hook.php(287): WCFMgs->init('')
#1 /var/www/foodyyums/wp-includes/class-wp-hook.php(311): WP_Hook->apply_filters(NULL, Array)
#2 /var/www/foodyyums/wp-includes/plugin.php(484): WP_Hook->do_action(Array)
#3 /var/www/foodyyums/wp-settings.php(557): do_action('init')
#4 /var/www/foodyyums/wp-config.php(92): require_once('/var/www/foodyy...')
#5 /var/www/foodyyums/wp-load.php(37): require_once('/var/www/foodyy...')
#6 /var/www/foodyyums/wp-login.php(12): require('/var/www/foodyy...')
#7 {main}
  thrown in /var/www/foodyyums/wp-content/plugins/wc-frontend-manager-groups-staffs/core/class-wcfmgs.php on line 91

2021-03-01T17:48:57+00:00 CRITICAL Uncaught Error: Call to undefined function wcfm_is_marketplace() in /var/www/foodyyums/wp-content/plugins/wc-frontend-manager-groups-staffs/core/class-wcfmgs.php:91
Stack trace:
#0 /var/www/foodyyums/wp-includes/class-wp-hook.php(287): WCFMgs->init('')
#1 /var/www/foodyyums/wp-includes/class-wp-hook.php(311): WP_Hook->apply_filters(NULL, Array)
#2 /var/www/foodyyums/wp-includes/plugin.php(484): WP_Hook->do_action(Array)
#3 /var/www/foodyyums/wp-settings.php(557): do_action('init')
#4 /var/www/foodyyums/wp-config.php(92): require_once('/var/www/foodyy...')
#5 /var/www/foodyyums/wp-load.php(37): require_once('/var/www/foodyy...')
#6 /var/www/foodyyums/wp-login.php(12): require('/var/www/foodyy...')
#7 {main}
  thrown in /var/www/foodyyums/wp-content/plugins/wc-frontend-manager-groups-staffs/core/class-wcfmgs.php on line 91

2021-03-01T17:48:58+00:00 CRITICAL Uncaught Error: Call to undefined function wcfm_is_marketplace() in /var/www/foodyyums/wp-content/plugins/wc-frontend-manager-groups-staffs/core/class-wcfmgs.php:91
Stack trace:
#0 /var/www/foodyyums/wp-includes/class-wp-hook.php(287): WCFMgs->init('')
#1 /var/www/foodyyums/wp-includes/class-wp-hook.php(311): WP_Hook->apply_filters(NULL, Array)
#2 /var/www/foodyyums/wp-includes/plugin.php(484): WP_Hook->do_action(Array)
#3 /var/www/foodyyums/wp-settings.php(557): do_action('init')
#4 /var/www/foodyyums/wp-config.php(92): require_once('/var/www/foodyy...')
#5 /var/www/foodyyums/wp-load.php(37): require_once('/var/www/foodyy...')
#6 /var/www/foodyyums/xmlrpc.php(31): require_once('/var/www/foodyy...')
#7 {main}
  thrown in /var/www/foodyyums/wp-content/plugins/wc-frontend-manager-groups-staffs/core/class-wcfmgs.php on line 91

